{
  "details": "Traceback (most recent call last):\n  File \"C:\\Users\\sabar\\Desktop\\ccse\\venv\\Lib\\site-packages\\google\\api_core\\grpc_helpers.py\", line 55, in error_remapped_callable\n    return callable_(*args, **kwargs)\n           ^^^^^^^^^^^^^^^^^^^^^^^^^^\n  File \"C:\\Users\\sabar\\Desktop\\ccse\\venv\\Lib\\site-packages\\grpc\\_interceptor.py\", line 276, in __call__\n    response, ignored_call = self._with_call(\n                             ^^^^^^^^^^^^^^^^\n  File \"C:\\Users\\sabar\\Desktop\\ccse\\venv\\Lib\\site-packages\\grpc\\_interceptor.py\", line 331, in _with_call\n    return call.result(), call\n           ^^^^^^^^^^^^^\n  File \"C:\\Users\\sabar\\Desktop\\ccse\\venv\\Lib\\site-packages\\grpc\\_channel.py\", line 438, in result\n    raise self\n  File \"C:\\Users\\sabar\\Desktop\\ccse\\venv\\Lib\\site-packages\\grpc\\_interceptor.py\", line 314, in continuation\n    response, call = self._thunk(new_method).with_call(\n                     ^^^^^^^^^^^^^^^^^^^^^^^^^^^^^^^^^^\n  File \"C:\\Users\\sabar\\Desktop\\ccse\\venv\\Lib\\site-packages\\grpc\\_channel.py\", line 1173, in with_call\n    return _end_unary_response_blocking(state, call, True, None)\n           ^^^^^^^^^^^^^^^^^^^^^^^^^^^^^^^^^^^^^^^^^^^^^^^^^^^^^\n  File \"C:\\Users\\sabar\\Desktop\\ccse\\venv\\Lib\\site-packages\\grpc\\_channel.py\", line 990, in _end_unary_response_blocking\n    raise _InactiveRpcError(state)  # pytype: disable=not-instantiable\n    ^^^^^^^^^^^^^^^^^^^^^^^^^^^^^^\ngrpc._channel._InactiveRpcError: <_InactiveRpcError of RPC that terminated with:\n\tstatus = StatusCode.RESOURCE_EXHAUSTED\n\tdetails = \"You exceeded your current quota, please check your plan and billing details. For more information on this error, head to: https://ai.google.dev/gemini-api/docs/rate-limits. To monitor your current usage, head to: https://ai.dev/rate-limit. \n* Quota exceeded for metric: generativelanguage.googleapis.com/generate_content_free_tier_requests, limit: 0, model: gemini-2.0-flash\n* Quota exceeded for metric: generativelanguage.googleapis.com/generate_content_free_tier_requests, limit: 0, model: gemini-2.0-flash\n* Quota exceeded for metric: generativelanguage.googleapis.com/generate_content_free_tier_input_token_count, limit: 0, model: gemini-2.0-flash\nPlease retry in 46.065210344s.\"\n\tdebug_error_string = \"UNKNOWN:Error received from peer ipv4:216.239.32.223:443 {grpc_status:8, grpc_message:\"You exceeded your current quota, please check your plan and billing details. For more information on this error, head to: https://ai.google.dev/gemini-api/docs/rate-limits. To monitor your current usage, head to: https://ai.dev/rate-limit. \\n* Quota exceeded for metric: generativelanguage.googleapis.com/generate_content_free_tier_requests, limit: 0, model: gemini-2.0-flash\\n* Quota exceeded for metric: generativelanguage.googleapis.com/generate_content_free_tier_requests, limit: 0, model: gemini-2.0-flash\\n* Quota exceeded for metric: generativelanguage.googleapis.com/generate_content_free_tier_input_token_count, limit: 0, model: gemini-2.0-flash\\nPlease retry in 46.065210344s.\"}\"\n>\n\nThe above exception was the direct cause of the following exception:\n\nTraceback (most recent call last):\n  File \"C:\\Users\\sabar\\Desktop\\ccse\\backend\\routes\\analysis_routes.py\", line 89, in ai_chat\n    response = model.generate_content(full_prompt)\n               ^^^^^^^^^^^^^^^^^^^^^^^^^^^^^^^^^^^\n  File \"C:\\Users\\sabar\\Desktop\\ccse\\venv\\Lib\\site-packages\\google\\generativeai\\generative_models.py\", line 331, in generate_content\n    response = self._client.generate_content(\n               ^^^^^^^^^^^^^^^^^^^^^^^^^^^^^^\n  File \"C:\\Users\\sabar\\Desktop\\ccse\\venv\\Lib\\site-packages\\google\\ai\\generativelanguage_v1beta\\services\\generative_service\\client.py\", line 835, in generate_content\n    response = rpc(\n               ^^^^\n  File \"C:\\Users\\sabar\\Desktop\\ccse\\venv\\Lib\\site-packages\\google\\api_core\\gapic_v1\\method.py\", line 128, in __call__\n    return wrapped_func(*args, **kwargs)\n           ^^^^^^^^^^^^^^^^^^^^^^^^^^^^^\n  File \"C:\\Users\\sabar\\Desktop\\ccse\\venv\\Lib\\site-packages\\google\\api_core\\retry\\retry_unary.py\", line 294, in retry_wrapped_func\n    return retry_target(\n           ^^^^^^^^^^^^^\n  File \"C:\\Users\\sabar\\Desktop\\ccse\\venv\\Lib\\site-packages\\google\\api_core\\retry\\retry_unary.py\", line 156, in retry_target\n    next_sleep = _retry_error_helper(\n                 ^^^^^^^^^^^^^^^^^^^^\n  File \"C:\\Users\\sabar\\Desktop\\ccse\\venv\\Lib\\site-packages\\google\\api_core\\retry\\retry_base.py\", line 216, in _retry_error_helper\n    raise final_exc from source_exc\n  File \"C:\\Users\\sabar\\Desktop\\ccse\\venv\\Lib\\site-packages\\google\\api_core\\retry\\retry_unary.py\", line 147, in retry_target\n    result = target()\n             ^^^^^^^^\n  File \"C:\\Users\\sabar\\Desktop\\ccse\\venv\\Lib\\site-packages\\google\\api_core\\timeout.py\", line 130, in func_with_timeout\n    return func(*args, **kwargs)\n           ^^^^^^^^^^^^^^^^^^^^^\n  File \"C:\\Users\\sabar\\Desktop\\ccse\\venv\\Lib\\site-packages\\google\\api_core\\grpc_helpers.py\", line 57, in error_remapped_callable\n    raise exceptions.from_grpc_error(exc) from exc\ngoogle.api_core.exceptions.ResourceExhausted: 429 You exceeded your current quota, please check your plan and billing details. For more information on this error, head to: https://ai.google.dev/gemini-api/docs/rate-limits. To monitor your current usage, head to: https://ai.dev/rate-limit. \n* Quota exceeded for metric: generativelanguage.googleapis.com/generate_content_free_tier_requests, limit: 0, model: gemini-2.0-flash\n* Quota exceeded for metric: generativelanguage.googleapis.com/generate_content_free_tier_requests, limit: 0, model: gemini-2.0-flash\n* Quota exceeded for metric: generativelanguage.googleapis.com/generate_content_free_tier_input_token_count, limit: 0, model: gemini-2.0-flash\nPlease retry in 46.065210344s. [links {\n  description: \"Learn more about Gemini API quotas\"\n  url: \"https://ai.google.dev/gemini-api/docs/rate-limits\"\n}\n, violations {\n  quota_metric: \"generativelanguage.googleapis.com/generate_content_free_tier_requests\"\n  quota_id: \"GenerateRequestsPerDayPerProjectPerModel-FreeTier\"\n  quota_dimensions {\n    key: \"model\"\n    value: \"gemini-2.0-flash\"\n  }\n  quota_dimensions {\n    key: \"location\"\n    value: \"global\"\n  }\n}\nviolations {\n  quota_metric: \"generativelanguage.googleapis.com/generate_content_free_tier_requests\"\n  quota_id: \"GenerateRequestsPerMinutePerProjectPerModel-FreeTier\"\n  quota_dimensions {\n    key: \"model\"\n    value: \"gemini-2.0-flash\"\n  }\n  quota_dimensions {\n    key: \"location\"\n    value: \"global\"\n  }\n}\nviolations {\n  quota_metric: \"generativelanguage.googleapis.com/generate_content_free_tier_input_token_count\"\n  quota_id: \"GenerateContentInputTokensPerModelPerMinute-FreeTier\"\n  quota_dimensions {\n    key: \"model\"\n    value: \"gemini-2.0-flash\"\n  }\n  quota_dimensions {\n    key: \"location\"\n    value: \"global\"\n  }\n}\n, retry_delay {\n  seconds: 46\n}\n]\n",
  "error": "An internal error occurred: 429 You exceeded your current quota, please check your plan and billing details. For more information on this error, head to: https://ai.google.dev/gemini-api/docs/rate-limits. To monitor your current usage, head to: https://ai.dev/rate-limit. \n* Quota exceeded for metric: generativelanguage.googleapis.com/generate_content_free_tier_requests, limit: 0, model: gemini-2.0-flash\n* Quota exceeded for metric: generativelanguage.googleapis.com/generate_content_free_tier_requests, limit: 0, model: gemini-2.0-flash\n* Quota exceeded for metric: generativelanguage.googleapis.com/generate_content_free_tier_input_token_count, limit: 0, model: gemini-2.0-flash\nPlease retry in 46.065210344s. [links {\n  description: \"Learn more about Gemini API quotas\"\n  url: \"https://ai.google.dev/gemini-api/docs/rate-limits\"\n}\n, violations {\n  quota_metric: \"generativelanguage.googleapis.com/generate_content_free_tier_requests\"\n  quota_id: \"GenerateRequestsPerDayPerProjectPerModel-FreeTier\"\n  quota_dimensions {\n    key: \"model\"\n    value: \"gemini-2.0-flash\"\n  }\n  quota_dimensions {\n    key: \"location\"\n    value: \"global\"\n  }\n}\nviolations {\n  quota_metric: \"generativelanguage.googleapis.com/generate_content_free_tier_requests\"\n  quota_id: \"GenerateRequestsPerMinutePerProjectPerModel-FreeTier\"\n  quota_dimensions {\n    key: \"model\"\n    value: \"gemini-2.0-flash\"\n  }\n  quota_dimensions {\n    key: \"location\"\n    value: \"global\"\n  }\n}\nviolations {\n  quota_metric: \"generativelanguage.googleapis.com/generate_content_free_tier_input_token_count\"\n  quota_id: \"GenerateContentInputTokensPerModelPerMinute-FreeTier\"\n  quota_dimensions {\n    key: \"model\"\n    value: \"gemini-2.0-flash\"\n  }\n  quota_dimensions {\n    key: \"location\"\n    value: \"global\"\n  }\n}\n, retry_delay {\n  seconds: 46\n}\n]",
  "success": false
}